# project wingpanel (0.0.1) configured on Thu Dec  8 20:38:52 2011 by
# waf 1.6.1 (abi 98, python 30202f0 on linux2)
# using ./waf configure
#
----------------------------------------
Setting top to
/home/matt/Downloads/wingpanel
----------------------------------------
Setting out to
/home/matt/Downloads/wingpanel/_build_
----------------------------------------
Checking for 'gcc' (c compiler)
find program=['gcc', 'cc'] paths=['/usr/local/bin', '/usr/bin', '/bin', '/usr/local/sbin', '/usr/sbin', '/sbin', '/usr/share/java/apache-ant/bin', '/opt/brlcad/bin', '/opt/java/jre/bin', '/usr/bin/vendor_perl', '/usr/bin/core_perl', '/opt/play-1.0.3.2'] var='CC' -> '/usr/bin/gcc'
find program=['ar'] paths=['/usr/local/bin', '/usr/bin', '/bin', '/usr/local/sbin', '/usr/sbin', '/sbin', '/usr/share/java/apache-ant/bin', '/opt/brlcad/bin', '/opt/java/jre/bin', '/usr/bin/vendor_perl', '/usr/bin/core_perl', '/opt/play-1.0.3.2'] var='AR' -> '/usr/bin/ar'
ok
----------------------------------------
Checking for program pkg-config
/usr/bin/pkg-config
find program=['pkg-config'] paths=['/usr/local/bin', '/usr/bin', '/bin', '/usr/local/sbin', '/usr/sbin', '/sbin', '/usr/share/java/apache-ant/bin', '/opt/brlcad/bin', '/opt/java/jre/bin', '/usr/bin/vendor_perl', '/usr/bin/core_perl', '/opt/play-1.0.3.2'] var='PKGCONFIG' -> '/usr/bin/pkg-config'
----------------------------------------
Checking for 'gobject-2.0'
['/usr/bin/pkg-config', 'gobject-2.0', '--cflags', '--libs']
out: -pthread -I/usr/include/glib-2.0 -I/usr/lib/glib-2.0/include  -pthread -lgobject-2.0 -lgthread-2.0 -lrt -lglib-2.0  

yes
----------------------------------------
Checking for 'gthread-2.0'
['/usr/bin/pkg-config', 'gthread-2.0', '--cflags', '--libs']
out: -pthread -I/usr/include/glib-2.0 -I/usr/lib/glib-2.0/include  -pthread -lgthread-2.0 -lrt -lglib-2.0  

yes
----------------------------------------
Checking for program valac-0.8
not found
find program=['valac-0.8'] paths=['/usr/local/bin', '/usr/bin', '/bin', '/usr/local/sbin', '/usr/sbin', '/sbin', '/usr/share/java/apache-ant/bin', '/opt/brlcad/bin', '/opt/java/jre/bin', '/usr/bin/vendor_perl', '/usr/bin/core_perl', '/opt/play-1.0.3.2'] var='VALAC' -> ''
from /home/matt/Downloads/wingpanel: Could not find the program valac-0.8
----------------------------------------
Checking for program valac
/usr/bin/valac
find program=['valac'] paths=['/usr/local/bin', '/usr/bin', '/bin', '/usr/local/sbin', '/usr/sbin', '/sbin', '/usr/share/java/apache-ant/bin', '/opt/brlcad/bin', '/opt/java/jre/bin', '/usr/bin/vendor_perl', '/usr/bin/core_perl', '/opt/play-1.0.3.2'] var='VALAC' -> '/usr/bin/valac'
/usr/bin/valac --version
out: Vala 0.14.1

----------------------------------------
Checking for valac version >= (0, 8, 0)
(0, 14, 1)
----------------------------------------
Checking for program valac-0.10
/usr/bin/valac
find program=['valac-0.10'] paths='' var='VALAC' -> '/usr/bin/valac'
/usr/bin/valac --version
out: Vala 0.14.1

---------------------------------------------
Checking for valac-0.10 version >= (0, 10, 0)
(0, 14, 1)
---------------------------------------------
Checking for 'glib-2.0' >= 2.22.0
['/usr/bin/pkg-config', '--atleast-version=2.22.0', 'glib-2.0']
['/usr/bin/pkg-config', 'glib-2.0', '--cflags', '--libs']
out: -I/usr/include/glib-2.0 -I/usr/lib/glib-2.0/include  -lglib-2.0  

yes
---------------------------------------------
Checking for 'gtk+-3.0' >= 3.0
['/usr/bin/pkg-config', '--atleast-version=3.0', 'gtk+-3.0']
['/usr/bin/pkg-config', 'gtk+-3.0', '--cflags', '--libs']
out: -DGSEAL_ENABLE -pthread -I/usr/include/gtk-3.0 -I/usr/include/atk-1.0 -I/usr/include/cairo -I/usr/include/gdk-pixbuf-2.0 -I/usr/include/pango-1.0 -I/usr/include/glib-2.0 -I/usr/lib/glib-2.0/include -I/usr/include/pixman-1 -I/usr/include/freetype2 -I/usr/include/libpng14  -pthread -lgtk-3 -lgdk-3 -latk-1.0 -lgio-2.0 -lpangoft2-1.0 -lpangocairo-1.0 -lgdk_pixbuf-2.0 -lcairo-gobject -lcairo -lpango-1.0 -lfreetype -lfontconfig -lgobject-2.0 -lgmodule-2.0 -lgthread-2.0 -lrt -lglib-2.0  

yes
---------------------------------------------
Checking for 'cairo' >= 1.10.0
['/usr/bin/pkg-config', '--atleast-version=1.10.0', 'cairo']
['/usr/bin/pkg-config', 'cairo', '--cflags', '--libs']
out: -pthread -I/usr/include/cairo -I/usr/include/glib-2.0 -I/usr/lib/glib-2.0/include -I/usr/include/pixman-1 -I/usr/include/freetype2 -I/usr/include/libpng14  -lcairo  

yes
---------------------------------------------
Checking for 'gdk-3.0' >= 3.0
['/usr/bin/pkg-config', '--atleast-version=3.0', 'gdk-3.0']
['/usr/bin/pkg-config', 'gdk-3.0', '--cflags', '--libs']
out: -pthread -I/usr/include/gtk-3.0 -I/usr/include/pango-1.0 -I/usr/include/gdk-pixbuf-2.0 -I/usr/include/cairo -I/usr/include/glib-2.0 -I/usr/lib/glib-2.0/include -I/usr/include/pixman-1 -I/usr/include/freetype2 -I/usr/include/libpng14  -pthread -lgdk-3 -lpangocairo-1.0 -lgdk_pixbuf-2.0 -lcairo-gobject -lpango-1.0 -lgmodule-2.0 -lcairo -lgobject-2.0 -lgthread-2.0 -lrt -lglib-2.0  

yes
---------------------------------------------
Checking for 'indicator3-0.4' >= 0.4
['/usr/bin/pkg-config', '--atleast-version=0.4', 'indicator3-0.4']
['/usr/bin/pkg-config', 'indicator3-0.4', '--cflags', '--libs']
out: -DGSEAL_ENABLE -pthread -I/usr/include/libindicator-0.4 -I/usr/include/gtk-3.0 -I/usr/include/atk-1.0 -I/usr/include/cairo -I/usr/include/gdk-pixbuf-2.0 -I/usr/include/pango-1.0 -I/usr/include/glib-2.0 -I/usr/lib/glib-2.0/include -I/usr/include/pixman-1 -I/usr/include/freetype2 -I/usr/include/libpng14  -pthread -lindicator3 -lgtk-3 -lgdk-3 -latk-1.0 -lgio-2.0 -lpangoft2-1.0 -lpangocairo-1.0 -lgdk_pixbuf-2.0 -lcairo-gobject -lcairo -lpango-1.0 -lfreetype -lfontconfig -lgobject-2.0 -lgmodule-2.0 -lgthread-2.0 -lrt -lglib-2.0  

yes
---------------------------------------------
Checking for 'gee-1.0' >= 0.5.3
['/usr/bin/pkg-config', '--atleast-version=0.5.3', 'gee-1.0']
['/usr/bin/pkg-config', 'gee-1.0', '--cflags', '--libs']
out: -pthread -I/usr/include/gee-1.0 -I/usr/include/glib-2.0 -I/usr/lib/glib-2.0/include  -pthread -lgee -lgobject-2.0 -lgthread-2.0 -lrt -lglib-2.0  

yes
---------------------------------------------
Checking for 'unique-3.0' >= 0.9
['/usr/bin/pkg-config', '--atleast-version=0.9', 'unique-3.0']
['/usr/bin/pkg-config', 'unique-3.0', '--cflags', '--libs']
out: -DGSEAL_ENABLE -pthread -I/usr/include/unique-3.0 -I/usr/include/gtk-3.0 -I/usr/include/atk-1.0 -I/usr/include/cairo -I/usr/include/gdk-pixbuf-2.0 -I/usr/include/pango-1.0 -I/usr/include/glib-2.0 -I/usr/lib/glib-2.0/include -I/usr/include/pixman-1 -I/usr/include/freetype2 -I/usr/include/libpng14  -pthread -lunique-3.0 -lgtk-3 -lgdk-3 -latk-1.0 -lgio-2.0 -lpangoft2-1.0 -lpangocairo-1.0 -lgdk_pixbuf-2.0 -lcairo-gobject -lcairo -lpango-1.0 -lfreetype -lfontconfig -lgobject-2.0 -lgmodule-2.0 -lgthread-2.0 -lrt -lglib-2.0  

yes
